2026-03-22 02:05:23,309 [INFO] ============================================================
2026-03-22 02:05:23,309 [INFO] MoneyPrinterV2 Daemon starting up
2026-03-22 02:05:23,309 [INFO] Root:      /Users/erendiracisneros/Documents/GitHub/PromisesFrontend/MoneyPrinterV2
2026-03-22 02:05:23,309 [INFO] Headless:  False
2026-03-22 02:05:23,309 [INFO] Dry-run:   True
2026-03-22 02:05:23,309 [INFO] ============================================================
2026-03-22 02:05:23,309 [INFO] Dry-run complete. Scheduled times:
2026-03-22 02:05:23,309 [INFO]   twitter / niche_launch_1 @ ['09:00', '13:00', '19:00']
2026-03-22 02:05:23,309 [INFO]   twitter / EyeCatcher @ ['10:00', '16:00', '21:00']
2026-03-22 02:05:23,309 [INFO] Daemon stopped.
2026-03-22 02:07:21,974 [INFO] ============================================================
2026-03-22 02:07:21,975 [INFO] MoneyPrinterV2 Daemon starting up
2026-03-22 02:07:21,975 [INFO] Root:      /Users/erendiracisneros/Documents/GitHub/PromisesFrontend/MoneyPrinterV2
2026-03-22 02:07:21,975 [INFO] Headless:  False
2026-03-22 02:07:21,975 [INFO] Dry-run:   False
2026-03-22 02:07:21,975 [INFO] ============================================================
2026-03-22 10:00:26,156 [INFO] ▶  Starting job: twitter/EyeCatcher
2026-03-22 10:01:58,676 [INFO] ✅ Job completed: twitter/EyeCatcher
2026-03-22 13:00:11,207 [INFO] ▶  Starting job: twitter/niche_launch_1
2026-03-22 13:01:48,173 [INFO] ✅ Job completed: twitter/niche_launch_1
2026-03-22 13:17:32,924 [INFO] Received signal 15 — shutting down after current tick.
2026-03-22 15:44:42,719 [INFO] ============================================================
2026-03-22 15:44:42,720 [INFO] MoneyPrinterV2 Daemon starting up
2026-03-22 15:44:42,720 [INFO] Root:      /Users/erendiracisneros/Documents/GitHub/PromisesFrontend/MoneyPrinterV2
2026-03-22 15:44:42,720 [INFO] Headless:  False
2026-03-22 15:44:42,720 [INFO] Dry-run:   True
2026-03-22 15:44:42,720 [INFO] ============================================================
2026-03-22 15:44:42,720 [INFO] Dry-run complete. Scheduled times:
2026-03-22 15:44:42,720 [INFO]   twitter / niche_launch_1 @ ['09:00', '13:00', '19:00']
2026-03-22 15:44:42,720 [INFO]   twitter / EyeCatcher @ ['10:00', '16:00', '21:00']
2026-03-22 15:44:42,720 [INFO] Daemon stopped.
2026-03-22 15:44:43,215 [INFO] ============================================================
2026-03-22 15:44:43,215 [INFO] MoneyPrinterV2 Daemon starting up
2026-03-22 15:44:43,215 [INFO] Root:      /Users/erendiracisneros/Documents/GitHub/PromisesFrontend/MoneyPrinterV2
2026-03-22 15:44:43,216 [INFO] Headless:  False
2026-03-22 15:44:43,216 [INFO] Dry-run:   False
2026-03-22 15:44:43,216 [INFO] ============================================================
2026-03-22 16:00:20,958 [INFO] ▶  Starting job: twitter/EyeCatcher
2026-03-22 16:01:40,748 [INFO] ✅ Job completed: twitter/EyeCatcher
2026-03-22 16:01:40,754 [INFO] 📝 Posted: Did you think humans only dream in black & white? New research reveals some people can have truly tri-colored dreams! #D…
2026-03-22 16:03:58,164 [INFO] ============================================================
2026-03-22 16:03:58,165 [INFO] MoneyPrinterV2 Daemon starting up
2026-03-22 16:03:58,165 [INFO] Root:      /Users/erendiracisneros/Documents/GitHub/PromisesFrontend/MoneyPrinterV2
2026-03-22 16:03:58,165 [INFO] Headless:  False
2026-03-22 16:03:58,165 [INFO] Dry-run:   True
2026-03-22 16:03:58,165 [INFO] ============================================================
2026-03-22 16:03:58,165 [INFO] Dry-run complete. Scheduled times:
2026-03-22 16:03:58,165 [INFO]   twitter / niche_launch_1 @ ['09:00', '13:00', '19:00']
2026-03-22 16:03:58,165 [INFO]   twitter / EyeCatcher @ ['10:00', '16:00', '21:00']
2026-03-22 16:03:58,165 [INFO] Daemon stopped.
2026-03-22 18:49:57,405 [INFO] ============================================================
2026-03-22 18:49:57,406 [INFO] MoneyPrinterV2 Daemon starting up
2026-03-22 18:49:57,406 [INFO] Root:      /Users/erendiracisneros/Documents/GitHub/PromisesFrontend/MoneyPrinterV2
2026-03-22 18:49:57,406 [INFO] Headless:  False
2026-03-22 18:49:57,406 [INFO] Dry-run:   False
2026-03-22 18:49:57,406 [INFO] ============================================================
2026-03-22 19:00:14,259 [INFO] ▶  Starting job: twitter/niche_launch_1
2026-03-22 19:00:27,695 [INFO] ▶  Starting job: twitter/niche_launch_1
2026-03-22 19:01:14,703 [ERROR] ❌ Job exited with code 1: twitter/niche_launch_1
2026-03-22 19:02:45,896 [INFO] ℹ️ Initializing Twitter...
2026-03-22 19:02:45,898 [INFO] ℹ️ Selected post mode: link
2026-03-22 19:02:45,898 [INFO] ℹ️ Generating a post...
2026-03-22 19:02:45,898 [INFO] ℹ️ Tweet length: 204 chars
2026-03-22 19:02:45,898 [INFO] => Posting to Twitter: Did you know that the Eisenhower Matrix can help y...
2026-03-22 19:02:45,898 [INFO] ❌ Twitter post failed: Could not find tweet text box. Ensure you are logged into X in this Firefox profile.
2026-03-22 19:02:45,898 [ERROR] ❌ Job exited with code 1: twitter/niche_launch_1
2026-03-22 19:23:04,857 [INFO] Received signal 15 — shutting down after current tick.
2026-03-22 19:23:17,650 [INFO] Daemon stopped.
2026-03-22 19:23:17,929 [INFO] ============================================================
2026-03-22 19:23:17,929 [INFO] MoneyPrinterV2 Daemon starting up
2026-03-22 19:23:17,929 [INFO] Root:      /Users/erendiracisneros/Documents/GitHub/PromisesFrontend/MoneyPrinterV2
2026-03-22 19:23:17,929 [INFO] Headless:  False
2026-03-22 19:23:17,929 [INFO] Dry-run:   False
2026-03-22 19:23:17,929 [INFO] ============================================================
2026-03-22 19:53:52,322 [INFO] Received signal 15 — shutting down after current tick.
2026-03-22 19:53:53,108 [INFO] Daemon stopped.
2026-03-22 19:57:45,941 [INFO] ============================================================
2026-03-22 19:57:45,970 [INFO] MoneyPrinterV2 Daemon starting up
2026-03-22 19:57:45,971 [INFO] Root:      /Users/erendiracisneros/Documents/GitHub/PromisesFrontend/MoneyPrinterV2
2026-03-22 19:57:45,971 [INFO] Headless:  False
2026-03-22 19:57:45,971 [INFO] Dry-run:   False
2026-03-22 19:57:45,971 [INFO] ============================================================
