2026-03-22 02:07:21,974 [INFO] ============================================================
2026-03-22 02:07:21,975 [INFO] MoneyPrinterV2 Daemon starting up
2026-03-22 02:07:21,975 [INFO] Root:      /Users/erendiracisneros/Documents/GitHub/PromisesFrontend/MoneyPrinterV2
2026-03-22 02:07:21,975 [INFO] Headless:  False
2026-03-22 02:07:21,975 [INFO] Dry-run:   False
2026-03-22 02:07:21,975 [INFO] ============================================================
2026-03-22 10:00:26,156 [INFO] ▶  Starting job: twitter/EyeCatcher
ℹ️ Initializing Twitter...
ℹ️ Generating a post...
ℹ️ Tweet length: 243 chars
 => Posting to Twitter: Did you know that the word 'quarantine' originated...
 => Pressed [ENTER] Button on Twitter..
✅ Posted to Twitter successfully!
✅ Done posting.
2026-03-22 10:01:58,676 [INFO] ✅ Job completed: twitter/EyeCatcher
2026-03-22 13:00:11,207 [INFO] ▶  Starting job: twitter/niche_launch_1
ℹ️ Initializing Twitter...
ℹ️ Generating a post...
ℹ️ Tweet length: 176 chars
 => Posting to Twitter: Boost your focus with the Pomodoro Technique! Work...
 => Pressed [ENTER] Button on Twitter..
✅ Posted to Twitter successfully!
✅ Done posting.
2026-03-22 13:01:48,173 [INFO] ✅ Job completed: twitter/niche_launch_1
2026-03-22 13:17:32,924 [INFO] Received signal 15 — shutting down after current tick.
2026-03-22 15:44:43,215 [INFO] ============================================================
2026-03-22 15:44:43,215 [INFO] MoneyPrinterV2 Daemon starting up
2026-03-22 15:44:43,215 [INFO] Root:      /Users/erendiracisneros/Documents/GitHub/PromisesFrontend/MoneyPrinterV2
2026-03-22 15:44:43,216 [INFO] Headless:  False
2026-03-22 15:44:43,216 [INFO] Dry-run:   False
2026-03-22 15:44:43,216 [INFO] ============================================================
2026-03-22 16:00:20,958 [INFO] ▶  Starting job: twitter/EyeCatcher
ℹ️ Initializing Twitter...
ℹ️ Generating a post...
ℹ️ Tweet length: 203 chars
⚠️ Post cooldown active — last post was 3m ago. Wait 26m more to avoid spam flags.
✅ Done posting.
2026-03-22 16:01:40,748 [INFO] ✅ Job completed: twitter/EyeCatcher
2026-03-22 16:01:40,754 [INFO] 📝 Posted: Did you think humans only dream in black & white? New research reveals some people can have truly tri-colored dreams! #D…
