
[2026-03-24 13:59:50] Passive session watch
========================================================================
Account : EyeCatcher
Handle  : @EyeCaughtThat2
Ready   : NO
Reason  : login-required
Cookies : auth=0
========================================================================
Accounts checked : 1
Profiles blocked : 1

[2026-03-24 13:59:55] Passive session watch
========================================================================
Account : EyeCatcher
Handle  : @EyeCaughtThat2
Ready   : NO
Reason  : login-required
Cookies : auth=0
========================================================================
Accounts checked : 1
Profiles blocked : 1

[2026-03-24 14:00:00] Passive session watch
========================================================================
Account : EyeCatcher
Handle  : @EyeCaughtThat2
Ready   : NO
Reason  : login-required
Cookies : auth=0
========================================================================
Accounts checked : 1
Profiles blocked : 1

[2026-03-24 14:00:05] Passive session watch
========================================================================
Account : EyeCatcher
Handle  : @EyeCaughtThat2
Ready   : NO
Reason  : login-required
Cookies : auth=0
========================================================================
Accounts checked : 1
Profiles blocked : 1

[2026-03-24 14:00:10] Passive session watch
========================================================================
Account : EyeCatcher
Handle  : @EyeCaughtThat2
Ready   : NO
Reason  : login-required
Cookies : auth=0
========================================================================
Accounts checked : 1
Profiles blocked : 1

[2026-03-24 14:00:15] Passive session watch
========================================================================
Account : EyeCatcher
Handle  : @EyeCaughtThat2
Ready   : NO
Reason  : login-required
Cookies : auth=0
========================================================================
Accounts checked : 1
Profiles blocked : 1

[2026-03-24 14:00:20] Passive session watch
========================================================================
Account : EyeCatcher
Handle  : @EyeCaughtThat2
Ready   : NO
Reason  : login-required
Cookies : auth=0
========================================================================
Accounts checked : 1
Profiles blocked : 1

[2026-03-24 14:00:25] Passive session watch
========================================================================
Account : EyeCatcher
Handle  : @EyeCaughtThat2
Ready   : NO
Reason  : login-required
Cookies : auth=0
========================================================================
Accounts checked : 1
Profiles blocked : 1

[2026-03-24 14:00:30] Passive session watch
========================================================================
Account : EyeCatcher
Handle  : @EyeCaughtThat2
Ready   : NO
Reason  : login-required
Cookies : auth=0
========================================================================
Accounts checked : 1
Profiles blocked : 1

[2026-03-24 14:00:35] Passive session watch
========================================================================
Account : EyeCatcher
Handle  : @EyeCaughtThat2
Ready   : NO
Reason  : login-required
Cookies : auth=0
========================================================================
Accounts checked : 1
Profiles blocked : 1

[2026-03-24 14:00:40] Passive session watch
========================================================================
Account : EyeCatcher
Handle  : @EyeCaughtThat2
Ready   : NO
Reason  : login-required
Cookies : auth=0
========================================================================
Accounts checked : 1
Profiles blocked : 1

[2026-03-24 14:00:45] Passive session watch
========================================================================
Account : EyeCatcher
Handle  : @EyeCaughtThat2
Ready   : NO
Reason  : login-required
Cookies : auth=0
========================================================================
Accounts checked : 1
Profiles blocked : 1

[2026-03-24 14:00:50] Passive session watch
========================================================================
Account : EyeCatcher
Handle  : @EyeCaughtThat2
Ready   : NO
Reason  : login-required
Cookies : auth=0
========================================================================
Accounts checked : 1
Profiles blocked : 1

[2026-03-24 14:00:55] Passive session watch
========================================================================
Account : EyeCatcher
Handle  : @EyeCaughtThat2
Ready   : NO
Reason  : login-required
Cookies : auth=0
========================================================================
Accounts checked : 1
Profiles blocked : 1

[2026-03-24 14:01:00] Passive session watch
========================================================================
Account : EyeCatcher
Handle  : @EyeCaughtThat2
Ready   : NO
Reason  : login-required
Cookies : auth=0
========================================================================
Accounts checked : 1
Profiles blocked : 1

[2026-03-24 14:01:05] Passive session watch
========================================================================
Account : EyeCatcher
Handle  : @EyeCaughtThat2
Ready   : NO
Reason  : login-required
Cookies : auth=0
========================================================================
Accounts checked : 1
Profiles blocked : 1

[2026-03-24 14:01:10] Passive session watch
========================================================================
Account : EyeCatcher
Handle  : @EyeCaughtThat2
Ready   : NO
Reason  : login-required
Cookies : auth=0
========================================================================
Accounts checked : 1
Profiles blocked : 1

[2026-03-24 14:01:15] Passive session watch
========================================================================
Account : EyeCatcher
Handle  : @EyeCaughtThat2
Ready   : NO
Reason  : login-required
Cookies : auth=0
========================================================================
Accounts checked : 1
Profiles blocked : 1

[2026-03-24 14:01:20] Passive session watch
========================================================================
Account : EyeCatcher
Handle  : @EyeCaughtThat2
Ready   : NO
Reason  : login-required
Cookies : auth=0
========================================================================
Accounts checked : 1
Profiles blocked : 1

[2026-03-24 14:01:25] Passive session watch
========================================================================
Account : EyeCatcher
Handle  : @EyeCaughtThat2
Ready   : NO
Reason  : login-required
Cookies : auth=0
========================================================================
Accounts checked : 1
Profiles blocked : 1

[2026-03-24 14:01:30] Passive session watch
========================================================================
Account : EyeCatcher
Handle  : @EyeCaughtThat2
Ready   : NO
Reason  : login-required
Cookies : auth=0
========================================================================
Accounts checked : 1
Profiles blocked : 1

[2026-03-24 14:01:35] Passive session watch
========================================================================
Account : EyeCatcher
Handle  : @EyeCaughtThat2
Ready   : NO
Reason  : login-required
Cookies : auth=0
========================================================================
Accounts checked : 1
Profiles blocked : 1

[2026-03-24 14:01:40] Passive session watch
========================================================================
Account : EyeCatcher
Handle  : @EyeCaughtThat2
Ready   : NO
Reason  : login-required
Cookies : auth=0
========================================================================
Accounts checked : 1
Profiles blocked : 1

[2026-03-24 14:01:45] Passive session watch
========================================================================
Account : EyeCatcher
Handle  : @EyeCaughtThat2
Ready   : NO
Reason  : login-required
Cookies : auth=0
========================================================================
Accounts checked : 1
Profiles blocked : 1

[2026-03-24 14:01:50] Passive session watch
========================================================================
Account : EyeCatcher
Handle  : @EyeCaughtThat2
Ready   : NO
Reason  : login-required
Cookies : auth=0
========================================================================
Accounts checked : 1
Profiles blocked : 1

[2026-03-24 14:01:55] Passive session watch
========================================================================
Account : EyeCatcher
Handle  : @EyeCaughtThat2
Ready   : NO
Reason  : login-required
Cookies : auth=0
========================================================================
Accounts checked : 1
Profiles blocked : 1

[2026-03-24 14:02:00] Passive session watch
========================================================================
Account : EyeCatcher
Handle  : @EyeCaughtThat2
Ready   : NO
Reason  : login-required
Cookies : auth=0
========================================================================
Accounts checked : 1
Profiles blocked : 1

[2026-03-24 14:02:05] Passive session watch
========================================================================
Account : EyeCatcher
Handle  : @EyeCaughtThat2
Ready   : NO
Reason  : login-required
Cookies : auth=0
========================================================================
Accounts checked : 1
Profiles blocked : 1

[2026-03-24 14:02:10] Passive session watch
========================================================================
Account : EyeCatcher
Handle  : @EyeCaughtThat2
Ready   : NO
Reason  : login-required
Cookies : auth=0
========================================================================
Accounts checked : 1
Profiles blocked : 1

[2026-03-24 14:02:15] Passive session watch
========================================================================
Account : EyeCatcher
Handle  : @EyeCaughtThat2
Ready   : NO
Reason  : login-required
Cookies : auth=0
========================================================================
Accounts checked : 1
Profiles blocked : 1

[2026-03-24 14:02:20] Passive session watch
========================================================================
Account : EyeCatcher
Handle  : @EyeCaughtThat2
Ready   : NO
Reason  : login-required
Cookies : auth=0
========================================================================
Accounts checked : 1
Profiles blocked : 1

[2026-03-24 14:02:25] Passive session watch
========================================================================
Account : EyeCatcher
Handle  : @EyeCaughtThat2
Ready   : NO
Reason  : login-required
Cookies : auth=0
========================================================================
Accounts checked : 1
Profiles blocked : 1

[2026-03-24 14:02:30] Passive session watch
========================================================================
Account : EyeCatcher
Handle  : @EyeCaughtThat2
Ready   : NO
Reason  : login-required
Cookies : auth=0
========================================================================
Accounts checked : 1
Profiles blocked : 1

[2026-03-24 14:02:35] Passive session watch
========================================================================
Account : EyeCatcher
Handle  : @EyeCaughtThat2
Ready   : NO
Reason  : login-required
Cookies : auth=0
========================================================================
Accounts checked : 1
Profiles blocked : 1

[2026-03-24 14:02:40] Passive session watch
========================================================================
Account : EyeCatcher
Handle  : @EyeCaughtThat2
Ready   : NO
Reason  : login-required
Cookies : auth=0
========================================================================
Accounts checked : 1
Profiles blocked : 1

[2026-03-24 14:02:45] Passive session watch
========================================================================
Account : EyeCatcher
Handle  : @EyeCaughtThat2
Ready   : NO
Reason  : login-required
Cookies : auth=0
========================================================================
Accounts checked : 1
Profiles blocked : 1

[2026-03-24 14:02:50] Passive session watch
========================================================================
Account : EyeCatcher
Handle  : @EyeCaughtThat2
Ready   : NO
Reason  : login-required
Cookies : auth=0
========================================================================
Accounts checked : 1
Profiles blocked : 1

[2026-03-24 14:02:55] Passive session watch
========================================================================
Account : EyeCatcher
Handle  : @EyeCaughtThat2
Ready   : NO
Reason  : login-required
Cookies : auth=0
========================================================================
Accounts checked : 1
Profiles blocked : 1

[2026-03-24 14:03:00] Passive session watch
========================================================================
Account : EyeCatcher
Handle  : @EyeCaughtThat2
Ready   : NO
Reason  : login-required
Cookies : auth=0
========================================================================
Accounts checked : 1
Profiles blocked : 1

[2026-03-24 14:03:05] Passive session watch
========================================================================
Account : EyeCatcher
Handle  : @EyeCaughtThat2
Ready   : NO
Reason  : login-required
Cookies : auth=0
========================================================================
Accounts checked : 1
Profiles blocked : 1

[2026-03-24 14:03:10] Passive session watch
========================================================================
Account : EyeCatcher
Handle  : @EyeCaughtThat2
Ready   : NO
Reason  : login-required
Cookies : auth=0
========================================================================
Accounts checked : 1
Profiles blocked : 1

[2026-03-24 14:03:15] Passive session watch
========================================================================
Account : EyeCatcher
Handle  : @EyeCaughtThat2
Ready   : NO
Reason  : login-required
Cookies : auth=0
========================================================================
Accounts checked : 1
Profiles blocked : 1

[2026-03-24 14:03:20] Passive session watch
========================================================================
Account : EyeCatcher
Handle  : @EyeCaughtThat2
Ready   : NO
Reason  : login-required
Cookies : auth=0
========================================================================
Accounts checked : 1
Profiles blocked : 1

[2026-03-24 14:03:26] Passive session watch
========================================================================
Account : EyeCatcher
Handle  : @EyeCaughtThat2
Ready   : NO
Reason  : login-required
Cookies : auth=0
========================================================================
Accounts checked : 1
Profiles blocked : 1

[2026-03-24 14:03:31] Passive session watch
========================================================================
Account : EyeCatcher
Handle  : @EyeCaughtThat2
Ready   : NO
Reason  : login-required
Cookies : auth=0
========================================================================
Accounts checked : 1
Profiles blocked : 1

[2026-03-24 14:03:36] Passive session watch
========================================================================
Account : EyeCatcher
Handle  : @EyeCaughtThat2
Ready   : NO
Reason  : login-required
Cookies : auth=0
========================================================================
Accounts checked : 1
Profiles blocked : 1

[2026-03-24 14:03:41] Passive session watch
========================================================================
Account : EyeCatcher
Handle  : @EyeCaughtThat2
Ready   : NO
Reason  : login-required
Cookies : auth=0
========================================================================
Accounts checked : 1
Profiles blocked : 1

[2026-03-24 14:03:46] Passive session watch
========================================================================
Account : EyeCatcher
Handle  : @EyeCaughtThat2
Ready   : NO
Reason  : login-required
Cookies : auth=0
========================================================================
Accounts checked : 1
Profiles blocked : 1

[2026-03-24 14:03:51] Passive session watch
========================================================================
Account : EyeCatcher
Handle  : @EyeCaughtThat2
Ready   : NO
Reason  : login-required
Cookies : auth=0
========================================================================
Accounts checked : 1
Profiles blocked : 1