[
  {
    "timestamp": "2026-03-23T10:18:26.785281",
    "account_uuid": "6f4f6c1a-2b4d-4dc9-9e8e-7d0e4f5c1a21",
    "account_nickname": "niche_launch_1",
    "action": "post_attempt",
    "status": "success",
    "using_fallback_profile": false,
    "text_snippet": "Did 80/20 principle hold true for your week? What's one non-negotiable task you'",
    "tweet_url": "https://x.com/NicheNewton/status/2036100128998645869",
    "category": "task-management",
    "attempt_time": "2026-03-23T10:17:20.189541"
  },
  {
    "timestamp": "2026-03-23T12:06:50.116125",
    "account_uuid": "6f4f6c1a-2b4d-4dc9-9e8e-7d0e4f5c1a21",
    "account_nickname": "niche_launch_1",
    "action": "post_attempt",
    "status": "success",
    "using_fallback_profile": false,
    "text_snippet": "What's the #1 productivity killer for you? Identify your 'energy vampires' and e",
    "tweet_url": "https://x.com/NicheNewton/status/2036127407271268734",
    "category": "energy",
    "attempt_time": "2026-03-23T12:05:45.303794"
  },
  {
    "timestamp": "2026-03-23T15:26:18.676105",
    "account_uuid": "6f4f6c1a-2b4d-4dc9-9e8e-7d0e4f5c1a21",
    "account_nickname": "niche_launch_1",
    "action": "post_attempt",
    "status": "success",
    "using_fallback_profile": false,
    "text_snippet": "What's holding you back from automating repetitive tasks? Explore Zapier or IFTT",
    "tweet_url": "https://x.com/NicheNewton/status/2036127407271268734",
    "category": "general",
    "attempt_time": "2026-03-23T15:24:58.483040"
  },
  {
    "timestamp": "2026-03-23T15:30:06.043095",
    "account_uuid": "6f4f6c1a-2b4d-4dc9-9e8e-7d0e4f5c1a21",
    "account_nickname": "niche_launch_1",
    "action": "post_attempt",
    "status": "skipped",
    "using_fallback_profile": false,
    "reason": "cooldown:24m",
    "attempt_time": "2026-03-23T15:30:06.036428"
  },
  {
    "timestamp": "2026-03-23T16:26:45.949253",
    "account_uuid": "6f4f6c1a-2b4d-4dc9-9e8e-7d0e4f5c1a21",
    "account_nickname": "niche_launch_1",
    "action": "post_attempt",
    "status": "pending",
    "using_fallback_profile": false,
    "reason": "unverified",
    "text_snippet": "Want to reduce meetings by 50%? Try the '2-minute rule': if a meeting can be dec",
    "permalink_debug": {
      "expected_handle": "nichenewton",
      "compose_candidates": 4,
      "compose_matching_candidates": 0,
      "compose_samples": [
        "https://x.com/ArcSamaa/status/2036141057596096830",
        "https://x.com/BGatesIsaPyscho/status/2035986324788777243",
        "https://x.com/cherry2doodles/status/2035878402628911210",
        "https://x.com/Tekeee/status/2036095629458362745"
      ],
      "profile_candidates": 4,
      "timeline_items": 4,
      "search_queries_tried": [
        "https://x.com/search?q=from%3ANicheNewton+%22Want+to+reduce+meetings+by+50%25%3F+Try+the+%272-minute+rule%27%3A%22&src=typed_query&f=live",
        "https://x.com/search?q=from%3ANicheNewton+%22Want+to+reduce+meetings+by+50%25%3F+Try+the+%272-minute+rule%27%3A+if+a+meeting+can+be%22&src=typed_query&f=live"
      ],
      "match_method": "",
      "pages_tried": [
        "https://x.com/NicheNewton",
        "https://x.com/NicheNewton/with_replies",
        "https://x.com/search?q=from%3ANicheNewton&src=typed_query&f=live",
        "https://x.com/NicheNewton",
        "https://x.com/NicheNewton/with_replies",
        "https://x.com/search?q=from%3ANicheNewton&src=typed_query&f=live",
        "https://x.com/NicheNewton",
        "https://x.com/NicheNewton/with_replies",
        "https://x.com/search?q=from%3ANicheNewton&src=typed_query&f=live",
        "https://x.com/NicheNewton",
        "https://x.com/NicheNewton/with_replies",
        "https://x.com/search?q=from%3ANicheNewton&src=typed_query&f=live",
        "https://x.com/NicheNewton",
        "https://x.com/NicheNewton/with_replies",
        "https://x.com/search?q=from%3ANicheNewton&src=typed_query&f=live"
      ]
    },
    "attempt_time": "2026-03-23T16:23:39.280769"
  },
  {
    "timestamp": "2026-03-23T16:30:13.240207",
    "account_uuid": "6f4f6c1a-2b4d-4dc9-9e8e-7d0e4f5c1a21",
    "account_nickname": "niche_launch_1",
    "action": "post_attempt",
    "status": "skipped",
    "using_fallback_profile": false,
    "reason": "cooldown:23m",
    "attempt_time": "2026-03-23T16:30:13.235769"
  },
  {
    "timestamp": "2026-03-23T16:31:20.580645",
    "account_uuid": "6f4f6c1a-2b4d-4dc9-9e8e-7d0e4f5c1a21",
    "account_nickname": "niche_launch_1",
    "action": "post_attempt",
    "status": "skipped",
    "using_fallback_profile": false,
    "reason": "cooldown:22m",
    "attempt_time": "2026-03-23T16:31:20.572089"
  },
  {
    "timestamp": "2026-03-23T16:47:57.195169",
    "account_uuid": "6f4f6c1a-2b4d-4dc9-9e8e-7d0e4f5c1a21",
    "account_nickname": "niche_launch_1",
    "action": "post_attempt",
    "status": "skipped",
    "using_fallback_profile": false,
    "reason": "cooldown:5m",
    "attempt_time": "2026-03-23T16:47:57.184709"
  },
  {
    "timestamp": "2026-03-23T16:51:02.076866",
    "account_uuid": "6f4f6c1a-2b4d-4dc9-9e8e-7d0e4f5c1a21",
    "account_nickname": "niche_launch_1",
    "action": "post_attempt",
    "status": "skipped",
    "using_fallback_profile": false,
    "reason": "cooldown:2m",
    "attempt_time": "2026-03-23T16:51:02.069149"
  },
  {
    "timestamp": "2026-03-23T17:00:43.232956",
    "account_uuid": "6f4f6c1a-2b4d-4dc9-9e8e-7d0e4f5c1a21",
    "account_nickname": "niche_launch_1",
    "action": "post_attempt",
    "status": "pending",
    "using_fallback_profile": false,
    "reason": "unverified",
    "text_snippet": "Did you know that a 'Stop Doing' list can be just as powerful as a to-do list? W",
    "permalink_debug": {
      "expected_handle": "nichenewton",
      "compose_candidates": 5,
      "compose_matching_candidates": 0,
      "compose_samples": [
        "https://x.com/therealchoopo/status/2036174190835847392",
        "https://x.com/DelusionPosting/status/2036069288218345922",
        "https://x.com/Dexerto/status/2036083678191780340",
        "https://x.com/cryesnow1/status/2036140238972637394",
        "https://x.com/brndxix/status/2036124862683484413"
      ],
      "profile_candidates": 4,
      "timeline_items": 4,
      "search_queries_tried": [
        "https://x.com/search?q=from%3ANicheNewton+%22Did+you+know+that+a+%27Stop+Doing%27+list+can+be%22&src=typed_query&f=live",
        "https://x.com/search?q=from%3ANicheNewton+%22Did+you+know+that+a+%27Stop+Doing%27+list+can+be+just+as+powerful+as+a+to-do+list%3F%22&src=typed_query&f=live"
      ],
      "match_method": "",
      "pages_tried": [
        "https://x.com/NicheNewton",
        "https://x.com/NicheNewton/with_replies",
        "https://x.com/search?q=from%3ANicheNewton&src=typed_query&f=live",
        "https://x.com/NicheNewton",
        "https://x.com/NicheNewton/with_replies",
        "https://x.com/search?q=from%3ANicheNewton&src=typed_query&f=live",
        "https://x.com/NicheNewton",
        "https://x.com/NicheNewton/with_replies",
        "https://x.com/search?q=from%3ANicheNewton&src=typed_query&f=live",
        "https://x.com/NicheNewton",
        "https://x.com/NicheNewton/with_replies",
        "https://x.com/search?q=from%3ANicheNewton&src=typed_query&f=live",
        "https://x.com/NicheNewton",
        "https://x.com/NicheNewton/with_replies",
        "https://x.com/search?q=from%3ANicheNewton&src=typed_query&f=live"
      ]
    },
    "attempt_time": "2026-03-23T16:57:27.496855"
  },
  {
    "timestamp": "2026-03-23T17:04:36.564428",
    "account_uuid": "6f4f6c1a-2b4d-4dc9-9e8e-7d0e4f5c1a21",
    "account_nickname": "niche_launch_1",
    "action": "post_attempt",
    "status": "skipped",
    "using_fallback_profile": false,
    "reason": "cooldown:22m",
    "attempt_time": "2026-03-23T17:04:36.557202"
  },
  {
    "timestamp": "2026-03-23T17:10:44.998141",
    "account_uuid": "6f4f6c1a-2b4d-4dc9-9e8e-7d0e4f5c1a21",
    "account_nickname": "niche_launch_1",
    "action": "post_attempt",
    "status": "skipped",
    "using_fallback_profile": false,
    "reason": "cooldown:16m",
    "attempt_time": "2026-03-23T17:10:44.992425"
  },
  {
    "timestamp": "2026-03-23T17:10:59.646249",
    "account_uuid": "6f4f6c1a-2b4d-4dc9-9e8e-7d0e4f5c1a21",
    "account_nickname": "niche_launch_1",
    "action": "post_attempt",
    "status": "skipped",
    "using_fallback_profile": false,
    "reason": "cooldown:16m",
    "attempt_time": "2026-03-23T17:10:59.640187"
  },
  {
    "timestamp": "2026-03-23T17:17:59.843393",
    "account_uuid": "6f4f6c1a-2b4d-4dc9-9e8e-7d0e4f5c1a21",
    "account_nickname": "niche_launch_1",
    "action": "post_attempt",
    "status": "skipped",
    "using_fallback_profile": false,
    "reason": "cooldown:9m",
    "attempt_time": "2026-03-23T17:17:59.835480"
  },
  {
    "timestamp": "2026-03-23T17:21:27.378740",
    "account_uuid": "6f4f6c1a-2b4d-4dc9-9e8e-7d0e4f5c1a21",
    "account_nickname": "niche_launch_1",
    "action": "post_attempt",
    "status": "skipped",
    "using_fallback_profile": false,
    "reason": "cooldown:5m",
    "attempt_time": "2026-03-23T17:21:27.369798"
  },
  {
    "timestamp": "2026-03-23T18:15:06.939633",
    "account_uuid": "6f4f6c1a-2b4d-4dc9-9e8e-7d0e4f5c1a21",
    "account_nickname": "niche_launch_1",
    "action": "post_attempt",
    "status": "pending",
    "using_fallback_profile": true,
    "reason": "unverified",
    "text_snippet": "Why are you still checking email every hour? Implement the '2-hour rule' and ded",
    "permalink_debug": {
      "expected_handle": "nichenewton",
      "compose_candidates": 4,
      "compose_matching_candidates": 0,
      "compose_samples": [
        "https://x.com/annhybri/status/2036193838658629968",
        "https://x.com/messedupfoods/status/2035965013161103586",
        "https://x.com/lowcortisol/status/2036178880210391392",
        "https://x.com/abbycartridges_/status/2036140473169948895"
      ],
      "profile_candidates": 4,
      "timeline_items": 4,
      "search_queries_tried": [
        "https://x.com/search?q=from%3ANicheNewton+%22Why+are+you+still+checking+email+every+hour%3F+Implement+the%22&src=typed_query&f=live",
        "https://x.com/search?q=from%3ANicheNewton+%22Why+are+you+still+checking+email+every+hour%3F+Implement+the+%272-hour+rule%27+and%22&src=typed_query&f=live"
      ],
      "match_method": "",
      "pages_tried": [
        "https://x.com/NicheNewton",
        "https://x.com/NicheNewton/with_replies",
        "https://x.com/search?q=from%3ANicheNewton&src=typed_query&f=live",
        "https://x.com/NicheNewton",
        "https://x.com/NicheNewton/with_replies",
        "https://x.com/search?q=from%3ANicheNewton&src=typed_query&f=live",
        "https://x.com/NicheNewton",
        "https://x.com/NicheNewton/with_replies",
        "https://x.com/search?q=from%3ANicheNewton&src=typed_query&f=live",
        "https://x.com/NicheNewton",
        "https://x.com/NicheNewton/with_replies",
        "https://x.com/search?q=from%3ANicheNewton&src=typed_query&f=live",
        "https://x.com/NicheNewton",
        "https://x.com/NicheNewton/with_replies",
        "https://x.com/search?q=from%3ANicheNewton&src=typed_query&f=live"
      ]
    },
    "confidence_score": 39,
    "confidence_level": "low",
    "attempt_time": "2026-03-23T18:11:07.725428"
  },
  {
    "timestamp": "2026-03-23T18:19:14.356878",
    "account_uuid": "6f4f6c1a-2b4d-4dc9-9e8e-7d0e4f5c1a21",
    "account_nickname": "niche_launch_1",
    "action": "post_attempt",
    "status": "pending",
    "using_fallback_profile": true,
    "reason": "unverified",
    "text_snippet": "Did you know your most productive work hours are often just an hour away from yo",
    "permalink_debug": {
      "expected_handle": "nichenewton",
      "compose_candidates": 5,
      "compose_matching_candidates": 0,
      "compose_samples": [
        "https://x.com/pixelprayer/status/2036150465382195218",
        "https://x.com/F0ODHub/status/2036126341993517321",
        "https://x.com/cutecorestar/status/2036111554098196567",
        "https://x.com/elonmusk/status/2035822362999058474",
        "https://x.com/ArthurMacwaters/status/2035821264930254995"
      ],
      "profile_candidates": 4,
      "timeline_items": 4,
      "search_queries_tried": [
        "https://x.com/search?q=from%3ANicheNewton+%22Did+you+know+your+most+productive+work+hours+are+often%22&src=typed_query&f=live",
        "https://x.com/search?q=from%3ANicheNewton+%22Did+you+know+your+most+productive+work+hours+are+often+just+an+hour+away+from%22&src=typed_query&f=live"
      ],
      "match_method": "",
      "pages_tried": [
        "https://x.com/NicheNewton",
        "https://x.com/NicheNewton/with_replies",
        "https://x.com/search?q=from%3ANicheNewton&src=typed_query&f=live",
        "https://x.com/NicheNewton",
        "https://x.com/NicheNewton/with_replies",
        "https://x.com/search?q=from%3ANicheNewton&src=typed_query&f=live",
        "https://x.com/NicheNewton",
        "https://x.com/NicheNewton/with_replies",
        "https://x.com/search?q=from%3ANicheNewton&src=typed_query&f=live",
        "https://x.com/NicheNewton",
        "https://x.com/NicheNewton/with_replies",
        "https://x.com/search?q=from%3ANicheNewton&src=typed_query&f=live",
        "https://x.com/NicheNewton",
        "https://x.com/NicheNewton/with_replies",
        "https://x.com/search?q=from%3ANicheNewton&src=typed_query&f=live"
      ]
    },
    "confidence_score": 39,
    "confidence_level": "low",
    "attempt_time": "2026-03-23T18:15:39.330982"
  }
]